3/18/2009 6:58:43 PM	Found Folder	1. 1st contact	Path = C:\work\Enterprise\Input\1. 1st contact
3/18/2009 6:58:43 PM	Found Folder	2. Full Subro2	Path = C:\work\Enterprise\Input\2. Full Subro2
3/18/2009 6:58:43 PM	Found Folder	3. Follow up	Path = C:\work\Enterprise\Input\3. Follow up
3/18/2009 6:58:43 PM	Found Folder	Jeffs case	Path = C:\work\Enterprise\Input\Jeffs case
3/18/2009 7:03:32 PM	Found Folder	1. 1st contact	Path = C:\work\Enterprise\Input\1. 1st contact
3/18/2009 7:03:32 PM	Found Folder	2. Full Subro2	Path = C:\work\Enterprise\Input\2. Full Subro2
3/18/2009 7:03:32 PM	Found Folder	3. Follow up	Path = C:\work\Enterprise\Input\3. Follow up
3/18/2009 7:03:33 PM	Found Folder	Jeffs case	Path = C:\work\Enterprise\Input\Jeffs case
3/18/2009 7:13:48 PM	Found Folder	1. 1st contact	Path = C:\work\enterprise\input\1. 1st contact
3/18/2009 7:13:48 PM	Found Folder	2. Full Subro2	Path = C:\work\enterprise\input\2. Full Subro2
3/18/2009 7:13:48 PM	Found Folder	3. Follow up	Path = C:\work\enterprise\input\3. Follow up
3/18/2009 7:13:48 PM	Found Folder	Jeffs case	Path = C:\work\enterprise\input\Jeffs case
3/18/2009 7:22:26 PM	Found Folder	1. 1st contact	Path = C:\work\enterprise\input\1. 1st contact
3/18/2009 7:22:27 PM	Found Folder	2. Full Subro2	Path = C:\work\enterprise\input\2. Full Subro2
3/18/2009 7:22:27 PM	Found Folder	3. Follow up	Path = C:\work\enterprise\input\3. Follow up
3/18/2009 7:22:27 PM	Found Folder	Jeffs case	Path = C:\work\enterprise\input\Jeffs case
3/18/2009 7:31:34 PM	Found Folder	1. 1st contact	Path = C:\work\enterprise\input\1. 1st contact
3/18/2009 7:31:34 PM	Found Folder	2. Full Subro2	Path = C:\work\enterprise\input\2. Full Subro2
3/18/2009 7:31:34 PM	Found Folder	3. Follow up	Path = C:\work\enterprise\input\3. Follow up
3/18/2009 7:31:34 PM	Found Folder	Jeffs case	Path = C:\work\enterprise\input\Jeffs case
3/18/2009 7:38:30 PM	Found Folder	1. 1st contact	Path = C:\work\enterprise\input\1. 1st contact
3/18/2009 7:38:30 PM	Found Folder	2. Full Subro2	Path = C:\work\enterprise\input\2. Full Subro2
3/18/2009 7:38:30 PM	Found Folder	3. Follow up	Path = C:\work\enterprise\input\3. Follow up
3/18/2009 7:38:30 PM	Found Folder	Jeffs case	Path = C:\work\enterprise\input\Jeffs case
3/18/2009 7:50:50 PM	Found Folder	1. 1st contact	Path = C:\work\enterprise\input\1. 1st contact
3/18/2009 7:50:51 PM	Found Folder	2. Full Subro2	Path = C:\work\enterprise\input\2. Full Subro2
3/18/2009 7:50:52 PM	Found Folder	3. Follow up	Path = C:\work\enterprise\input\3. Follow up
3/18/2009 7:50:53 PM	Found Folder	Jeffs case	Path = C:\work\enterprise\input\Jeffs case
3/18/2009 7:55:01 PM	Found Folder	1. 1st contact	Path = C:\work\enterprise\input\1. 1st contact
3/18/2009 7:55:01 PM	1. 1st contact	Writing Zip - Start	
3/18/2009 7:55:01 PM	1. 1st contact	Writing Zip - Finish	
3/18/2009 7:55:02 PM	Found Folder	2. Full Subro2	Path = C:\work\enterprise\input\2. Full Subro2
3/18/2009 7:55:02 PM	2. Full Subro2	Writing Zip - Start	
3/18/2009 7:55:02 PM	2. Full Subro2	Writing Zip - Finish	
3/18/2009 7:55:03 PM	Found Folder	3. Follow up	Path = C:\work\enterprise\input\3. Follow up
3/18/2009 7:55:03 PM	3. Follow up	Writing Zip - Start	
3/18/2009 7:55:03 PM	3. Follow up	Writing Zip - Finish	
3/18/2009 7:55:04 PM	Found Folder	Jeffs case	Path = C:\work\enterprise\input\Jeffs case
3/18/2009 7:55:04 PM	Jeffs case	Writing Zip - Start	
3/18/2009 7:55:04 PM	Jeffs case	Writing Zip - Finish	
3/18/2009 7:55:20 PM	Found Folder	1. 1st contact	Path = C:\work\enterprise\input\1. 1st contact
3/18/2009 7:55:20 PM	1. 1st contact	Writing Zip - Start	
3/18/2009 7:55:20 PM	1. 1st contact	Writing Zip - Finish	
3/18/2009 7:55:21 PM	Found Folder	2. Full Subro2	Path = C:\work\enterprise\input\2. Full Subro2
3/18/2009 7:55:21 PM	2. Full Subro2	Writing Zip - Start	
3/18/2009 7:55:21 PM	2. Full Subro2	Writing Zip - Finish	
3/18/2009 7:55:22 PM	Found Folder	3. Follow up	Path = C:\work\enterprise\input\3. Follow up
3/18/2009 7:55:22 PM	3. Follow up	Writing Zip - Start	
3/18/2009 7:55:22 PM	3. Follow up	Writing Zip - Finish	
3/18/2009 7:55:23 PM	Found Folder	Jeffs case	Path = C:\work\enterprise\input\Jeffs case
3/18/2009 7:55:23 PM	Jeffs case	Writing Zip - Start	
3/18/2009 7:55:23 PM	Jeffs case	Writing Zip - Finish	
3/18/2009 7:58:52 PM	Found Folder	1. 1st contact	Path = C:\work\enterprise\input\1. 1st contact
3/18/2009 7:58:52 PM	1. 1st contact	Writing Zip - Start	
3/18/2009 7:58:52 PM	1. 1st contact	Writing Zip - Finish	
3/18/2009 7:58:53 PM	Found Folder	2. Full Subro2	Path = C:\work\enterprise\input\2. Full Subro2
3/18/2009 7:58:53 PM	2. Full Subro2	Writing Zip - Start	
3/18/2009 7:58:53 PM	2. Full Subro2	Writing Zip - Finish	
3/18/2009 7:58:54 PM	Found Folder	3. Follow up	Path = C:\work\enterprise\input\3. Follow up
3/18/2009 7:58:54 PM	3. Follow up	Writing Zip - Start	
3/18/2009 7:58:54 PM	3. Follow up	Writing Zip - Finish	
3/18/2009 7:58:55 PM	Found Folder	Jeffs case	Path = C:\work\enterprise\input\Jeffs case
3/18/2009 7:58:55 PM	Jeffs case	Writing Zip - Start	
3/18/2009 7:58:55 PM	Jeffs case	Writing Zip - Finish	
3/18/2009 8:02:58 PM	Found Folder	1. 1st contact	Path = C:\work\enterprise\input\1. 1st contact
3/18/2009 8:02:58 PM	Found Folder	2. Full Subro2	Path = C:\work\enterprise\input\2. Full Subro2
3/18/2009 8:02:58 PM	Found Folder	3. Follow up	Path = C:\work\enterprise\input\3. Follow up
3/18/2009 8:02:58 PM	Found Folder	Jeffs case	Path = C:\work\enterprise\input\Jeffs case
3/18/2009 8:04:03 PM	Found Folder	1. 1st contact	Path = C:\work\enterprise\input\1. 1st contact
3/18/2009 8:04:03 PM	Found Folder	2. Full Subro2	Path = C:\work\enterprise\input\2. Full Subro2
3/18/2009 8:04:03 PM	Found Folder	3. Follow up	Path = C:\work\enterprise\input\3. Follow up
3/18/2009 8:04:03 PM	Found Folder	Jeffs case	Path = C:\work\enterprise\input\Jeffs case
3/18/2009 8:04:17 PM	Found Folder	1. 1st contact	Path = C:\work\enterprise\input\1. 1st contact
3/18/2009 8:04:17 PM	Found Folder	2. Full Subro2	Path = C:\work\enterprise\input\2. Full Subro2
3/18/2009 8:04:17 PM	Found Folder	3. Follow up	Path = C:\work\enterprise\input\3. Follow up
3/18/2009 8:04:17 PM	Found Folder	Jeffs case	Path = C:\work\enterprise\input\Jeffs case
3/18/2009 8:04:36 PM	Found Folder	1. 1st contact	Path = C:\work\enterprise\input\1. 1st contact
3/18/2009 8:04:36 PM	Found Folder	2. Full Subro2	Path = C:\work\enterprise\input\2. Full Subro2
3/18/2009 8:04:36 PM	Found Folder	3. Follow up	Path = C:\work\enterprise\input\3. Follow up
3/18/2009 8:04:36 PM	Found Folder	Jeffs case	Path = C:\work\enterprise\input\Jeffs case
3/18/2009 8:05:12 PM	Found Folder	1. 1st contact	Path = C:\work\enterprise\input\1. 1st contact
3/18/2009 8:05:12 PM	Found Folder	2. Full Subro2	Path = C:\work\enterprise\input\2. Full Subro2
3/18/2009 8:05:12 PM	Found Folder	3. Follow up	Path = C:\work\enterprise\input\3. Follow up
3/18/2009 8:05:12 PM	Found Folder	Jeffs case	Path = C:\work\enterprise\input\Jeffs case
